1729535761.146252 client started (81588): version 3.5a, socket /private/tmp/tmux-501/default, protocol 8
1729535761.146329 on Darwin 23.6.0 Darwin Kernel Version 23.6.0: Mon Jul 29 21:13:00 PDT 2024; root:xnu-10063.141.2~1/RELEASE_X86_64
1729535761.146351 using libevent 2.1.12-stable select
1729535761.146367 using utf8proc 2.9.0
1729535761.146376 using ncurses 6.5 20240427
1729535761.146412 flags are 0x10010000
1729535761.146421 socket is /private/tmp/tmux-501/default
1729535761.146435 trying connect
1729535761.146514 add peer 0x7ff567831000: 6 (0x0)
1729535761.150834 sending message 111 to peer 0x7ff567831000 (8 bytes)
1729535761.150880 sending message 111 to peer 0x7ff567831000 (8 bytes)
1729535761.150897 sending message 101 to peer 0x7ff567831000 (16 bytes)
1729535761.150910 sending message 109 to peer 0x7ff567831000 (4 bytes)
1729535761.150923 sending message 102 to peer 0x7ff567831000 (13 bytes)
1729535761.150936 sending message 108 to peer 0x7ff567831000 (32 bytes)
1729535761.150948 sending message 112 to peer 0x7ff567831000 (70 bytes)
1729535761.150961 sending message 112 to peer 0x7ff567831000 (5 bytes)
1729535761.150973 sending message 112 to peer 0x7ff567831000 (5 bytes)
1729535761.150985 sending message 112 to peer 0x7ff567831000 (6 bytes)
1729535761.150998 sending message 112 to peer 0x7ff567831000 (6 bytes)
1729535761.151010 sending message 112 to peer 0x7ff567831000 (11 bytes)
1729535761.151022 sending message 112 to peer 0x7ff567831000 (10 bytes)
1729535761.151035 sending message 112 to peer 0x7ff567831000 (13 bytes)
1729535761.151047 sending message 112 to peer 0x7ff567831000 (13 bytes)
1729535761.151060 sending message 112 to peer 0x7ff567831000 (18 bytes)
1729535761.151072 sending message 112 to peer 0x7ff567831000 (11 bytes)
1729535761.151085 sending message 112 to peer 0x7ff567831000 (21 bytes)
1729535761.151097 sending message 112 to peer 0x7ff567831000 (13 bytes)
1729535761.151109 sending message 112 to peer 0x7ff567831000 (7 bytes)
1729535761.151122 sending message 112 to peer 0x7ff567831000 (13 bytes)
1729535761.151134 sending message 112 to peer 0x7ff567831000 (7 bytes)
1729535761.151147 sending message 112 to peer 0x7ff567831000 (13 bytes)
1729535761.151172 sending message 112 to peer 0x7ff567831000 (9 bytes)
1729535761.151185 sending message 112 to peer 0x7ff567831000 (21 bytes)
1729535761.151198 sending message 112 to peer 0x7ff567831000 (13 bytes)
1729535761.151210 sending message 112 to peer 0x7ff567831000 (8 bytes)
1729535761.151228 sending message 112 to peer 0x7ff567831000 (12 bytes)
1729535761.151312 sending message 112 to peer 0x7ff567831000 (13 bytes)
1729535761.151353 sending message 112 to peer 0x7ff567831000 (9 bytes)
1729535761.151370 sending message 112 to peer 0x7ff567831000 (9 bytes)
1729535761.151384 sending message 112 to peer 0x7ff567831000 (12 bytes)
1729535761.151398 sending message 112 to peer 0x7ff567831000 (8 bytes)
1729535761.151412 sending message 112 to peer 0x7ff567831000 (7 bytes)
1729535761.151426 sending message 112 to peer 0x7ff567831000 (7 bytes)
1729535761.151438 sending message 112 to peer 0x7ff567831000 (9 bytes)
1729535761.151451 sending message 112 to peer 0x7ff567831000 (13 bytes)
1729535761.151463 sending message 112 to peer 0x7ff567831000 (9 bytes)
1729535761.151476 sending message 112 to peer 0x7ff567831000 (13 bytes)
1729535761.151489 sending message 112 to peer 0x7ff567831000 (12 bytes)
1729535761.151501 sending message 112 to peer 0x7ff567831000 (8 bytes)
1729535761.151514 sending message 112 to peer 0x7ff567831000 (9 bytes)
1729535761.151526 sending message 112 to peer 0x7ff567831000 (10 bytes)
1729535761.151539 sending message 112 to peer 0x7ff567831000 (10 bytes)
1729535761.151552 sending message 112 to peer 0x7ff567831000 (10 bytes)
1729535761.151565 sending message 112 to peer 0x7ff567831000 (10 bytes)
1729535761.151578 sending message 112 to peer 0x7ff567831000 (11 bytes)
1729535761.151590 sending message 112 to peer 0x7ff567831000 (10 bytes)
1729535761.151602 sending message 112 to peer 0x7ff567831000 (8 bytes)
1729535761.151615 sending message 112 to peer 0x7ff567831000 (11 bytes)
1729535761.151666 sending message 112 to peer 0x7ff567831000 (11 bytes)
1729535761.151676 sending message 112 to peer 0x7ff567831000 (11 bytes)
1729535761.151685 sending message 112 to peer 0x7ff567831000 (8 bytes)
1729535761.151694 sending message 112 to peer 0x7ff567831000 (8 bytes)
1729535761.151702 sending message 112 to peer 0x7ff567831000 (8 bytes)
1729535761.151712 sending message 112 to peer 0x7ff567831000 (10 bytes)
1729535761.151720 sending message 112 to peer 0x7ff567831000 (10 bytes)
1729535761.151729 sending message 112 to peer 0x7ff567831000 (10 bytes)
1729535761.151737 sending message 112 to peer 0x7ff567831000 (10 bytes)
1729535761.151746 sending message 112 to peer 0x7ff567831000 (10 bytes)
1729535761.151754 sending message 112 to peer 0x7ff567831000 (11 bytes)
1729535761.151763 sending message 112 to peer 0x7ff567831000 (11 bytes)
1729535761.151771 sending message 112 to peer 0x7ff567831000 (10 bytes)
1729535761.151780 sending message 112 to peer 0x7ff567831000 (9 bytes)
1729535761.151789 sending message 112 to peer 0x7ff567831000 (9 bytes)
1729535761.151797 sending message 112 to peer 0x7ff567831000 (12 bytes)
1729535761.151806 sending message 112 to peer 0x7ff567831000 (9 bytes)
1729535761.151814 sending message 112 to peer 0x7ff567831000 (6 bytes)
1729535761.151823 sending message 112 to peer 0x7ff567831000 (8 bytes)
1729535761.151831 sending message 112 to peer 0x7ff567831000 (15 bytes)
1729535761.151840 sending message 112 to peer 0x7ff567831000 (13 bytes)
1729535761.151849 sending message 112 to peer 0x7ff567831000 (70 bytes)
1729535761.151865 sending message 112 to peer 0x7ff567831000 (69 bytes)
1729535761.151876 sending message 112 to peer 0x7ff567831000 (10 bytes)
1729535761.151884 sending message 112 to peer 0x7ff567831000 (8 bytes)
1729535761.151893 sending message 112 to peer 0x7ff567831000 (15 bytes)
1729535761.151902 sending message 112 to peer 0x7ff567831000 (13 bytes)
1729535761.151911 sending message 112 to peer 0x7ff567831000 (10 bytes)
1729535761.151920 sending message 112 to peer 0x7ff567831000 (10 bytes)
1729535761.151929 sending message 112 to peer 0x7ff567831000 (5 bytes)
1729535761.151939 sending message 112 to peer 0x7ff567831000 (5 bytes)
1729535761.151953 sending message 104 to peer 0x7ff567831000 (0 bytes)
1729535761.151971 sending message 110 to peer 0x7ff567831000 (0 bytes)
1729535761.151982 sending message 107 to peer 0x7ff567831000 (4 bytes)
1729535761.151992 sending message 105 to peer 0x7ff567831000 (15 bytes)
1729535761.152001 sending message 105 to peer 0x7ff567831000 (20 bytes)
1729535761.152016 sending message 105 to peer 0x7ff567831000 (22 bytes)
1729535761.152027 sending message 105 to peer 0x7ff567831000 (12 bytes)
1729535761.152035 sending message 105 to peer 0x7ff567831000 (28 bytes)
1729535761.152044 sending message 105 to peer 0x7ff567831000 (22 bytes)
1729535761.152053 sending message 105 to peer 0x7ff567831000 (61 bytes)
1729535761.152071 sending message 105 to peer 0x7ff567831000 (17 bytes)
1729535761.152083 sending message 105 to peer 0x7ff567831000 (19 bytes)
1729535761.152093 sending message 105 to peer 0x7ff567831000 (26 bytes)
1729535761.152103 sending message 105 to peer 0x7ff567831000 (24 bytes)
1729535761.152112 sending message 105 to peer 0x7ff567831000 (30 bytes)
1729535761.152123 sending message 105 to peer 0x7ff567831000 (357 bytes)
1729535761.152168 sending message 105 to peer 0x7ff567831000 (36 bytes)
1729535761.152184 sending message 105 to peer 0x7ff567831000 (15 bytes)
1729535761.152195 sending message 105 to peer 0x7ff567831000 (8 bytes)
1729535761.152205 sending message 105 to peer 0x7ff567831000 (66 bytes)
1729535761.152215 sending message 105 to peer 0x7ff567831000 (38 bytes)
1729535761.152224 sending message 105 to peer 0x7ff567831000 (19 bytes)
1729535761.152234 sending message 105 to peer 0x7ff567831000 (21 bytes)
1729535761.152243 sending message 105 to peer 0x7ff567831000 (86 bytes)
1729535761.152259 sending message 105 to peer 0x7ff567831000 (42 bytes)
1729535761.152271 sending message 105 to peer 0x7ff567831000 (18 bytes)
1729535761.152307 sending message 105 to peer 0x7ff567831000 (26 bytes)
1729535761.152318 sending message 105 to peer 0x7ff567831000 (60 bytes)
1729535761.152328 sending message 105 to peer 0x7ff567831000 (57 bytes)
1729535761.152350 sending message 105 to peer 0x7ff567831000 (43 bytes)
1729535761.152377 sending message 105 to peer 0x7ff567831000 (13 bytes)
1729535761.152385 sending message 105 to peer 0x7ff567831000 (63 bytes)
1729535761.152393 sending message 105 to peer 0x7ff567831000 (21 bytes)
1729535761.152401 sending message 105 to peer 0x7ff567831000 (14 bytes)
1729535761.152408 sending message 105 to peer 0x7ff567831000 (19 bytes)
1729535761.152417 sending message 105 to peer 0x7ff567831000 (43 bytes)
1729535761.152424 sending message 105 to peer 0x7ff567831000 (32 bytes)
1729535761.152432 sending message 105 to peer 0x7ff567831000 (22 bytes)
1729535761.152440 sending message 106 to peer 0x7ff567831000 (0 bytes)
1729535761.152577 sending message 200 to peer 0x7ff567831000 (4 bytes)
1729535761.152596 client loop enter
1729535761.152972 peer 0x7ff567831000 message 303
1729535761.153012 open write file 2 -
1729535761.153064 sending message 305 to peer 0x7ff567831000 (8 bytes)
1729535761.153095 write check file 2
1729535761.153165 peer 0x7ff567831000 message 304
1729535761.153178 write 58 to file 2
1729535761.153197 peer 0x7ff567831000 message 203
1729535761.153205 file 2 58 bytes left
1729535761.153226 write check file 2
1729535761.153234 client loop exit
